Started at Mon May 24 21:04:11 UTC 2021
Processing ansible-test
Offering ansible-test to Project Build Discarder
Processing ansible-users-db
Offering ansible-users-db to Project Build Discarder
Processing ansible-users-db-dsl
Offering ansible-users-db-dsl to Project Build Discarder
Processing backup-to-aws
Offering backup-to-aws to Project Build Discarder
Processing ENV
Offering ENV to Project Build Discarder
Processing git-gut-job-hooks
Offering git-gut-job-hooks to Project Build Discarder
Processing im-stupid-please-execute
Offering im-stupid-please-execute to Project Build Discarder
Processing job-dsl
Offering job-dsl to Project Build Discarder
Processing job_dsl_example
Offering job_dsl_example to Project Build Discarder
Processing maven-job
Offering maven-job to Project Build Discarder
Processing maven_dsl
Offering maven_dsl to Project Build Discarder
Processing my-first-job
Offering my-first-job to Project Build Discarder
Processing pipeline
Offering pipeline to Project Build Discarder
Processing remote-task
Offering remote-task to Project Build Discarder
Finished at Mon May 24 21:04:11 UTC 2021. 10ms
Started at Mon May 24 22:04:11 UTC 2021
Processing ansible-test
Offering ansible-test to Project Build Discarder
Processing ansible-users-db
Offering ansible-users-db to Project Build Discarder
Processing ansible-users-db-dsl
Offering ansible-users-db-dsl to Project Build Discarder
Processing backup-to-aws
Offering backup-to-aws to Project Build Discarder
Processing ENV
Offering ENV to Project Build Discarder
Processing git-gut-job-hooks
Offering git-gut-job-hooks to Project Build Discarder
Processing im-stupid-please-execute
Offering im-stupid-please-execute to Project Build Discarder
Processing job-dsl
Offering job-dsl to Project Build Discarder
Processing job_dsl_example
Offering job_dsl_example to Project Build Discarder
Processing maven-job
Offering maven-job to Project Build Discarder
Processing maven_dsl
Offering maven_dsl to Project Build Discarder
Processing my-first-job
Offering my-first-job to Project Build Discarder
Processing pipeline
Offering pipeline to Project Build Discarder
Processing remote-task
Offering remote-task to Project Build Discarder
Finished at Mon May 24 22:04:11 UTC 2021. 3ms
Started at Mon May 24 23:04:11 UTC 2021
Processing ansible-test
Offering ansible-test to Project Build Discarder
Processing ansible-users-db
Offering ansible-users-db to Project Build Discarder
Processing ansible-users-db-dsl
Offering ansible-users-db-dsl to Project Build Discarder
Processing backup-to-aws
Offering backup-to-aws to Project Build Discarder
Processing ENV
Offering ENV to Project Build Discarder
Processing git-gut-job-hooks
Offering git-gut-job-hooks to Project Build Discarder
Processing im-stupid-please-execute
Offering im-stupid-please-execute to Project Build Discarder
Processing job-dsl
Offering job-dsl to Project Build Discarder
Processing job_dsl_example
Offering job_dsl_example to Project Build Discarder
Processing maven-job
Offering maven-job to Project Build Discarder
Processing maven_dsl
Offering maven_dsl to Project Build Discarder
Processing my-first-job
Offering my-first-job to Project Build Discarder
Processing pipeline
Offering pipeline to Project Build Discarder
Processing remote-task
Offering remote-task to Project Build Discarder
Finished at Mon May 24 23:04:11 UTC 2021. 4ms
